<?xml version="1.0" encoding="UTF-8"?>
<testng-results ignored="0" total="37" passed="36" failed="1" skipped="0">
  <reporter-output>
  </reporter-output>
  <suite started-at="2025-03-17T14:09:45 IST" name="Suite" finished-at="2025-03-17T14:24:43 IST" duration-ms="897821">
    <groups>
      <group name="cucumber">
        <method signature="AbstractTestNGCucumberTests.runScenario(io.cucumber.testng.PickleWrapper,io.cucumber.testng.FeatureWrapper)[pri:0, instance:com.letskodeit.runners.LetskodeitTestNGRunner@71d44a3]" name="runScenario" class="io.cucumber.testng.AbstractTestNGCucumberTests"/>
      </group> <!-- cucumber -->
    </groups>
    <test started-at="2025-03-17T14:09:45 IST" name="Test" finished-at="2025-03-17T14:24:43 IST" duration-ms="897821">
      <class name="com.letskodeit.runners.LetskodeitTestNGRunner">
        <test-method is-config="true" signature="setup(java.lang.String,java.lang.String)[pri:0, instance:com.letskodeit.runners.LetskodeitTestNGRunner@71d44a3]" started-at="2025-03-17T14:09:45 IST" name="setup" finished-at="2025-03-17T14:09:45 IST" duration-ms="24" status="PASS">
          <params>
            <param index="0">
              <value>
                <![CDATA[chrome]]>
              </value>
            </param>
            <param index="1">
              <value>
                <![CDATA[https://www.letskodeit.com/]]>
              </value>
            </param>
          </params>
          <reporter-output>
          </reporter-output>
        </test-method> <!-- setup -->
        <test-method is-config="true" signature="setUpClass(org.testng.ITestContext)[pri:0, instance:com.letskodeit.runners.LetskodeitTestNGRunner@71d44a3]" started-at="2025-03-17T14:09:45 IST" name="setUpClass" finished-at="2025-03-17T14:09:46 IST" duration-ms="1546" status="PASS">
          <params>
            <param index="0">
              <value>
                <![CDATA[org.testng.TestRunner@68f1b89]]>
              </value>
            </param>
          </params>
          <reporter-output>
          </reporter-output>
        </test-method> <!-- setUpClass -->
        <test-method signature="runScenario(io.cucumber.testng.PickleWrapper,io.cucumber.testng.FeatureWrapper)[pri:0, instance:com.letskodeit.runners.LetskodeitTestNGRunner@71d44a3]" started-at="2025-03-17T14:09:46 IST" name="runScenario" description="Runs Cucumber Scenarios" data-provider="scenarios" finished-at="2025-03-17T14:10:31 IST" duration-ms="44733" status="PASS">
          <params>
            <param index="0">
              <value>
                <![CDATA["Register with different inputs"]]>
              </value>
            </param>
            <param index="1">
              <value>
                <![CDATA["User Registration"]]>
              </value>
            </param>
          </params>
          <reporter-output>
          </reporter-output>
        </test-method> <!-- runScenario -->
        <test-method signature="runScenario(io.cucumber.testng.PickleWrapper,io.cucumber.testng.FeatureWrapper)[pri:0, instance:com.letskodeit.runners.LetskodeitTestNGRunner@71d44a3]" started-at="2025-03-17T14:10:31 IST" name="runScenario" description="Runs Cucumber Scenarios" data-provider="scenarios" finished-at="2025-03-17T14:11:05 IST" duration-ms="33633" status="PASS">
          <params>
            <param index="0">
              <value>
                <![CDATA["Register with different inputs"]]>
              </value>
            </param>
            <param index="1">
              <value>
                <![CDATA["User Registration"]]>
              </value>
            </param>
          </params>
          <reporter-output>
          </reporter-output>
        </test-method> <!-- runScenario -->
        <test-method signature="runScenario(io.cucumber.testng.PickleWrapper,io.cucumber.testng.FeatureWrapper)[pri:0, instance:com.letskodeit.runners.LetskodeitTestNGRunner@71d44a3]" started-at="2025-03-17T14:11:05 IST" name="runScenario" description="Runs Cucumber Scenarios" data-provider="scenarios" finished-at="2025-03-17T14:11:46 IST" duration-ms="40772" status="FAIL">
          <params>
            <param index="0">
              <value>
                <![CDATA["Register with different inputs"]]>
              </value>
            </param>
            <param index="1">
              <value>
                <![CDATA["User Registration"]]>
              </value>
            </param>
          </params>
          <exception class="java.lang.AssertionError">
            <message>
              <![CDATA[expected [https://www.letskodeit.com/] but found [https://www.letskodeit.com/register]]]>
            </message>
            <full-stacktrace>
              <![CDATA[java.lang.AssertionError: expected [https://www.letskodeit.com/] but found [https://www.letskodeit.com/register]
at org.testng.Assert.fail(Assert.java:99)
at org.testng.Assert.failNotEquals(Assert.java:1037)
at org.testng.Assert.assertEqualsImpl(Assert.java:140)
at org.testng.Assert.assertEquals(Assert.java:122)
at org.testng.Assert.assertEquals(Assert.java:629)
at org.testng.Assert.assertEquals(Assert.java:639)
at com.letskodeit.stepDefinitions.RegisterStepDefinitions.the_message_should_be_displayed_on_registration(RegisterStepDefinitions.java:88)
at ✽.the message "Registration successful" should be displayed on registration(file:///C:/wipro%20testing%20assignments/letskodeit_UI_Automation_Capstone_Project/src/test/resources/features/01Register.feature:10)
]]>
            </full-stacktrace>
          </exception> <!-- java.lang.AssertionError -->
          <reporter-output>
          </reporter-output>
        </test-method> <!-- runScenario -->
        <test-method signature="runScenario(io.cucumber.testng.PickleWrapper,io.cucumber.testng.FeatureWrapper)[pri:0, instance:com.letskodeit.runners.LetskodeitTestNGRunner@71d44a3]" started-at="2025-03-17T14:11:46 IST" name="runScenario" description="Runs Cucumber Scenarios" data-provider="scenarios" finished-at="2025-03-17T14:12:34 IST" duration-ms="48156" status="PASS">
          <params>
            <param index="0">
              <value>
                <![CDATA["Register with different inputs"]]>
              </value>
            </param>
            <param index="1">
              <value>
                <![CDATA["User Registration"]]>
              </value>
            </param>
          </params>
          <reporter-output>
          </reporter-output>
        </test-method> <!-- runScenario -->
        <test-method signature="runScenario(io.cucumber.testng.PickleWrapper,io.cucumber.testng.FeatureWrapper)[pri:0, instance:com.letskodeit.runners.LetskodeitTestNGRunner@71d44a3]" started-at="2025-03-17T14:12:34 IST" name="runScenario" description="Runs Cucumber Scenarios" data-provider="scenarios" finished-at="2025-03-17T14:13:25 IST" duration-ms="51298" status="PASS">
          <params>
            <param index="0">
              <value>
                <![CDATA["Register with different inputs"]]>
              </value>
            </param>
            <param index="1">
              <value>
                <![CDATA["User Registration"]]>
              </value>
            </param>
          </params>
          <reporter-output>
          </reporter-output>
        </test-method> <!-- runScenario -->
        <test-method signature="runScenario(io.cucumber.testng.PickleWrapper,io.cucumber.testng.FeatureWrapper)[pri:0, instance:com.letskodeit.runners.LetskodeitTestNGRunner@71d44a3]" started-at="2025-03-17T14:13:25 IST" name="runScenario" description="Runs Cucumber Scenarios" data-provider="scenarios" finished-at="2025-03-17T14:14:08 IST" duration-ms="42955" status="PASS">
          <params>
            <param index="0">
              <value>
                <![CDATA["Register with different inputs"]]>
              </value>
            </param>
            <param index="1">
              <value>
                <![CDATA["User Registration"]]>
              </value>
            </param>
          </params>
          <reporter-output>
          </reporter-output>
        </test-method> <!-- runScenario -->
        <test-method signature="runScenario(io.cucumber.testng.PickleWrapper,io.cucumber.testng.FeatureWrapper)[pri:0, instance:com.letskodeit.runners.LetskodeitTestNGRunner@71d44a3]" started-at="2025-03-17T14:14:08 IST" name="runScenario" description="Runs Cucumber Scenarios" data-provider="scenarios" finished-at="2025-03-17T14:14:26 IST" duration-ms="18258" status="PASS">
          <params>
            <param index="0">
              <value>
                <![CDATA["Login with valid credentials"]]>
              </value>
            </param>
            <param index="1">
              <value>
                <![CDATA["User Login"]]>
              </value>
            </param>
          </params>
          <reporter-output>
          </reporter-output>
        </test-method> <!-- runScenario -->
        <test-method signature="runScenario(io.cucumber.testng.PickleWrapper,io.cucumber.testng.FeatureWrapper)[pri:0, instance:com.letskodeit.runners.LetskodeitTestNGRunner@71d44a3]" started-at="2025-03-17T14:14:26 IST" name="runScenario" description="Runs Cucumber Scenarios" data-provider="scenarios" finished-at="2025-03-17T14:14:46 IST" duration-ms="20048" status="PASS">
          <params>
            <param index="0">
              <value>
                <![CDATA["Login with valid credentials"]]>
              </value>
            </param>
            <param index="1">
              <value>
                <![CDATA["User Login"]]>
              </value>
            </param>
          </params>
          <reporter-output>
          </reporter-output>
        </test-method> <!-- runScenario -->
        <test-method signature="runScenario(io.cucumber.testng.PickleWrapper,io.cucumber.testng.FeatureWrapper)[pri:0, instance:com.letskodeit.runners.LetskodeitTestNGRunner@71d44a3]" started-at="2025-03-17T14:14:46 IST" name="runScenario" description="Runs Cucumber Scenarios" data-provider="scenarios" finished-at="2025-03-17T14:15:10 IST" duration-ms="24101" status="PASS">
          <params>
            <param index="0">
              <value>
                <![CDATA["Login with valid credentials"]]>
              </value>
            </param>
            <param index="1">
              <value>
                <![CDATA["User Login"]]>
              </value>
            </param>
          </params>
          <reporter-output>
          </reporter-output>
        </test-method> <!-- runScenario -->
        <test-method signature="runScenario(io.cucumber.testng.PickleWrapper,io.cucumber.testng.FeatureWrapper)[pri:0, instance:com.letskodeit.runners.LetskodeitTestNGRunner@71d44a3]" started-at="2025-03-17T14:15:10 IST" name="runScenario" description="Runs Cucumber Scenarios" data-provider="scenarios" finished-at="2025-03-17T14:15:30 IST" duration-ms="19689" status="PASS">
          <params>
            <param index="0">
              <value>
                <![CDATA["Login with valid credentials"]]>
              </value>
            </param>
            <param index="1">
              <value>
                <![CDATA["User Login"]]>
              </value>
            </param>
          </params>
          <reporter-output>
          </reporter-output>
        </test-method> <!-- runScenario -->
        <test-method signature="runScenario(io.cucumber.testng.PickleWrapper,io.cucumber.testng.FeatureWrapper)[pri:0, instance:com.letskodeit.runners.LetskodeitTestNGRunner@71d44a3]" started-at="2025-03-17T14:15:30 IST" name="runScenario" description="Runs Cucumber Scenarios" data-provider="scenarios" finished-at="2025-03-17T14:15:49 IST" duration-ms="18496" status="PASS">
          <params>
            <param index="0">
              <value>
                <![CDATA["Login with valid credentials"]]>
              </value>
            </param>
            <param index="1">
              <value>
                <![CDATA["User Login"]]>
              </value>
            </param>
          </params>
          <reporter-output>
          </reporter-output>
        </test-method> <!-- runScenario -->
        <test-method signature="runScenario(io.cucumber.testng.PickleWrapper,io.cucumber.testng.FeatureWrapper)[pri:0, instance:com.letskodeit.runners.LetskodeitTestNGRunner@71d44a3]" started-at="2025-03-17T14:15:49 IST" name="runScenario" description="Runs Cucumber Scenarios" data-provider="scenarios" finished-at="2025-03-17T14:16:12 IST" duration-ms="23133" status="PASS">
          <params>
            <param index="0">
              <value>
                <![CDATA["Login with valid credentials"]]>
              </value>
            </param>
            <param index="1">
              <value>
                <![CDATA["User Login"]]>
              </value>
            </param>
          </params>
          <reporter-output>
          </reporter-output>
        </test-method> <!-- runScenario -->
        <test-method signature="runScenario(io.cucumber.testng.PickleWrapper,io.cucumber.testng.FeatureWrapper)[pri:0, instance:com.letskodeit.runners.LetskodeitTestNGRunner@71d44a3]" started-at="2025-03-17T14:16:12 IST" name="runScenario" description="Runs Cucumber Scenarios" data-provider="scenarios" finished-at="2025-03-17T14:16:32 IST" duration-ms="20703" status="PASS">
          <params>
            <param index="0">
              <value>
                <![CDATA["Login with valid credentials"]]>
              </value>
            </param>
            <param index="1">
              <value>
                <![CDATA["User Login"]]>
              </value>
            </param>
          </params>
          <reporter-output>
          </reporter-output>
        </test-method> <!-- runScenario -->
        <test-method signature="runScenario(io.cucumber.testng.PickleWrapper,io.cucumber.testng.FeatureWrapper)[pri:0, instance:com.letskodeit.runners.LetskodeitTestNGRunner@71d44a3]" started-at="2025-03-17T14:16:32 IST" name="runScenario" description="Runs Cucumber Scenarios" data-provider="scenarios" finished-at="2025-03-17T14:16:45 IST" duration-ms="12347" status="PASS">
          <params>
            <param index="0">
              <value>
                <![CDATA["Verify home page title and major sections"]]>
              </value>
            </param>
            <param index="1">
              <value>
                <![CDATA["Home Page Verification"]]>
              </value>
            </param>
          </params>
          <reporter-output>
          </reporter-output>
        </test-method> <!-- runScenario -->
        <test-method signature="runScenario(io.cucumber.testng.PickleWrapper,io.cucumber.testng.FeatureWrapper)[pri:0, instance:com.letskodeit.runners.LetskodeitTestNGRunner@71d44a3]" started-at="2025-03-17T14:16:45 IST" name="runScenario" description="Runs Cucumber Scenarios" data-provider="scenarios" finished-at="2025-03-17T14:17:03 IST" duration-ms="18426" status="PASS">
          <params>
            <param index="0">
              <value>
                <![CDATA["Select a radio button"]]>
              </value>
            </param>
            <param index="1">
              <value>
                <![CDATA["Practice Page Automation"]]>
              </value>
            </param>
          </params>
          <reporter-output>
          </reporter-output>
        </test-method> <!-- runScenario -->
        <test-method signature="runScenario(io.cucumber.testng.PickleWrapper,io.cucumber.testng.FeatureWrapper)[pri:0, instance:com.letskodeit.runners.LetskodeitTestNGRunner@71d44a3]" started-at="2025-03-17T14:17:03 IST" name="runScenario" description="Runs Cucumber Scenarios" data-provider="scenarios" finished-at="2025-03-17T14:17:25 IST" duration-ms="21525" status="PASS">
          <params>
            <param index="0">
              <value>
                <![CDATA["Select a radio button"]]>
              </value>
            </param>
            <param index="1">
              <value>
                <![CDATA["Practice Page Automation"]]>
              </value>
            </param>
          </params>
          <reporter-output>
          </reporter-output>
        </test-method> <!-- runScenario -->
        <test-method signature="runScenario(io.cucumber.testng.PickleWrapper,io.cucumber.testng.FeatureWrapper)[pri:0, instance:com.letskodeit.runners.LetskodeitTestNGRunner@71d44a3]" started-at="2025-03-17T14:17:25 IST" name="runScenario" description="Runs Cucumber Scenarios" data-provider="scenarios" finished-at="2025-03-17T14:17:45 IST" duration-ms="19783" status="PASS">
          <params>
            <param index="0">
              <value>
                <![CDATA["Select a radio button"]]>
              </value>
            </param>
            <param index="1">
              <value>
                <![CDATA["Practice Page Automation"]]>
              </value>
            </param>
          </params>
          <reporter-output>
          </reporter-output>
        </test-method> <!-- runScenario -->
        <test-method signature="runScenario(io.cucumber.testng.PickleWrapper,io.cucumber.testng.FeatureWrapper)[pri:0, instance:com.letskodeit.runners.LetskodeitTestNGRunner@71d44a3]" started-at="2025-03-17T14:17:45 IST" name="runScenario" description="Runs Cucumber Scenarios" data-provider="scenarios" finished-at="2025-03-17T14:18:06 IST" duration-ms="21659" status="PASS">
          <params>
            <param index="0">
              <value>
                <![CDATA["Select and deselect checkboxes"]]>
              </value>
            </param>
            <param index="1">
              <value>
                <![CDATA["Practice Page Automation"]]>
              </value>
            </param>
          </params>
          <reporter-output>
          </reporter-output>
        </test-method> <!-- runScenario -->
        <test-method signature="runScenario(io.cucumber.testng.PickleWrapper,io.cucumber.testng.FeatureWrapper)[pri:0, instance:com.letskodeit.runners.LetskodeitTestNGRunner@71d44a3]" started-at="2025-03-17T14:18:06 IST" name="runScenario" description="Runs Cucumber Scenarios" data-provider="scenarios" finished-at="2025-03-17T14:18:24 IST" duration-ms="17622" status="PASS">
          <params>
            <param index="0">
              <value>
                <![CDATA["Select and deselect checkboxes"]]>
              </value>
            </param>
            <param index="1">
              <value>
                <![CDATA["Practice Page Automation"]]>
              </value>
            </param>
          </params>
          <reporter-output>
          </reporter-output>
        </test-method> <!-- runScenario -->
        <test-method signature="runScenario(io.cucumber.testng.PickleWrapper,io.cucumber.testng.FeatureWrapper)[pri:0, instance:com.letskodeit.runners.LetskodeitTestNGRunner@71d44a3]" started-at="2025-03-17T14:18:24 IST" name="runScenario" description="Runs Cucumber Scenarios" data-provider="scenarios" finished-at="2025-03-17T14:18:43 IST" duration-ms="19150" status="PASS">
          <params>
            <param index="0">
              <value>
                <![CDATA["Select and deselect checkboxes"]]>
              </value>
            </param>
            <param index="1">
              <value>
                <![CDATA["Practice Page Automation"]]>
              </value>
            </param>
          </params>
          <reporter-output>
          </reporter-output>
        </test-method> <!-- runScenario -->
        <test-method signature="runScenario(io.cucumber.testng.PickleWrapper,io.cucumber.testng.FeatureWrapper)[pri:0, instance:com.letskodeit.runners.LetskodeitTestNGRunner@71d44a3]" started-at="2025-03-17T14:18:43 IST" name="runScenario" description="Runs Cucumber Scenarios" data-provider="scenarios" finished-at="2025-03-17T14:19:03 IST" duration-ms="19650" status="PASS">
          <params>
            <param index="0">
              <value>
                <![CDATA["opening a new window"]]>
              </value>
            </param>
            <param index="1">
              <value>
                <![CDATA["Practice Page Automation"]]>
              </value>
            </param>
          </params>
          <reporter-output>
          </reporter-output>
        </test-method> <!-- runScenario -->
        <test-method signature="runScenario(io.cucumber.testng.PickleWrapper,io.cucumber.testng.FeatureWrapper)[pri:0, instance:com.letskodeit.runners.LetskodeitTestNGRunner@71d44a3]" started-at="2025-03-17T14:19:03 IST" name="runScenario" description="Runs Cucumber Scenarios" data-provider="scenarios" finished-at="2025-03-17T14:19:29 IST" duration-ms="26259" status="PASS">
          <params>
            <param index="0">
              <value>
                <![CDATA["Opening a new tab"]]>
              </value>
            </param>
            <param index="1">
              <value>
                <![CDATA["Practice Page Automation"]]>
              </value>
            </param>
          </params>
          <reporter-output>
          </reporter-output>
        </test-method> <!-- runScenario -->
        <test-method signature="runScenario(io.cucumber.testng.PickleWrapper,io.cucumber.testng.FeatureWrapper)[pri:0, instance:com.letskodeit.runners.LetskodeitTestNGRunner@71d44a3]" started-at="2025-03-17T14:19:29 IST" name="runScenario" description="Runs Cucumber Scenarios" data-provider="scenarios" finished-at="2025-03-17T14:19:50 IST" duration-ms="20573" status="PASS">
          <params>
            <param index="0">
              <value>
                <![CDATA["Selecting an option from a dropdown"]]>
              </value>
            </param>
            <param index="1">
              <value>
                <![CDATA["Practice Page Automation"]]>
              </value>
            </param>
          </params>
          <reporter-output>
          </reporter-output>
        </test-method> <!-- runScenario -->
        <test-method signature="runScenario(io.cucumber.testng.PickleWrapper,io.cucumber.testng.FeatureWrapper)[pri:0, instance:com.letskodeit.runners.LetskodeitTestNGRunner@71d44a3]" started-at="2025-03-17T14:19:50 IST" name="runScenario" description="Runs Cucumber Scenarios" data-provider="scenarios" finished-at="2025-03-17T14:20:10 IST" duration-ms="20008" status="PASS">
          <params>
            <param index="0">
              <value>
                <![CDATA["Selecting an option from a dropdown"]]>
              </value>
            </param>
            <param index="1">
              <value>
                <![CDATA["Practice Page Automation"]]>
              </value>
            </param>
          </params>
          <reporter-output>
          </reporter-output>
        </test-method> <!-- runScenario -->
        <test-method signature="runScenario(io.cucumber.testng.PickleWrapper,io.cucumber.testng.FeatureWrapper)[pri:0, instance:com.letskodeit.runners.LetskodeitTestNGRunner@71d44a3]" started-at="2025-03-17T14:20:10 IST" name="runScenario" description="Runs Cucumber Scenarios" data-provider="scenarios" finished-at="2025-03-17T14:20:30 IST" duration-ms="20171" status="PASS">
          <params>
            <param index="0">
              <value>
                <![CDATA["Selecting an option from a dropdown"]]>
              </value>
            </param>
            <param index="1">
              <value>
                <![CDATA["Practice Page Automation"]]>
              </value>
            </param>
          </params>
          <reporter-output>
          </reporter-output>
        </test-method> <!-- runScenario -->
        <test-method signature="runScenario(io.cucumber.testng.PickleWrapper,io.cucumber.testng.FeatureWrapper)[pri:0, instance:com.letskodeit.runners.LetskodeitTestNGRunner@71d44a3]" started-at="2025-03-17T14:20:30 IST" name="runScenario" description="Runs Cucumber Scenarios" data-provider="scenarios" finished-at="2025-03-17T14:20:49 IST" duration-ms="19661" status="PASS">
          <params>
            <param index="0">
              <value>
                <![CDATA["Selecting multiple options from multi-select dropdown"]]>
              </value>
            </param>
            <param index="1">
              <value>
                <![CDATA["Practice Page Automation"]]>
              </value>
            </param>
          </params>
          <reporter-output>
          </reporter-output>
        </test-method> <!-- runScenario -->
        <test-method signature="runScenario(io.cucumber.testng.PickleWrapper,io.cucumber.testng.FeatureWrapper)[pri:0, instance:com.letskodeit.runners.LetskodeitTestNGRunner@71d44a3]" started-at="2025-03-17T14:20:49 IST" name="runScenario" description="Runs Cucumber Scenarios" data-provider="scenarios" finished-at="2025-03-17T14:21:09 IST" duration-ms="20123" status="PASS">
          <params>
            <param index="0">
              <value>
                <![CDATA["Searching using auto-suggest"]]>
              </value>
            </param>
            <param index="1">
              <value>
                <![CDATA["Practice Page Automation"]]>
              </value>
            </param>
          </params>
          <reporter-output>
          </reporter-output>
        </test-method> <!-- runScenario -->
        <test-method signature="runScenario(io.cucumber.testng.PickleWrapper,io.cucumber.testng.FeatureWrapper)[pri:0, instance:com.letskodeit.runners.LetskodeitTestNGRunner@71d44a3]" started-at="2025-03-17T14:21:10 IST" name="runScenario" description="Runs Cucumber Scenarios" data-provider="scenarios" finished-at="2025-03-17T14:21:30 IST" duration-ms="20610" status="PASS">
          <params>
            <param index="0">
              <value>
                <![CDATA["Searching using auto-suggest"]]>
              </value>
            </param>
            <param index="1">
              <value>
                <![CDATA["Practice Page Automation"]]>
              </value>
            </param>
          </params>
          <reporter-output>
          </reporter-output>
        </test-method> <!-- runScenario -->
        <test-method signature="runScenario(io.cucumber.testng.PickleWrapper,io.cucumber.testng.FeatureWrapper)[pri:0, instance:com.letskodeit.runners.LetskodeitTestNGRunner@71d44a3]" started-at="2025-03-17T14:21:30 IST" name="runScenario" description="Runs Cucumber Scenarios" data-provider="scenarios" finished-at="2025-03-17T14:21:49 IST" duration-ms="18536" status="PASS">
          <params>
            <param index="0">
              <value>
                <![CDATA["Checking the enabled and disabled state of an input field"]]>
              </value>
            </param>
            <param index="1">
              <value>
                <![CDATA["Practice Page Automation"]]>
              </value>
            </param>
          </params>
          <reporter-output>
          </reporter-output>
        </test-method> <!-- runScenario -->
        <test-method signature="runScenario(io.cucumber.testng.PickleWrapper,io.cucumber.testng.FeatureWrapper)[pri:0, instance:com.letskodeit.runners.LetskodeitTestNGRunner@71d44a3]" started-at="2025-03-17T14:21:49 IST" name="runScenario" description="Runs Cucumber Scenarios" data-provider="scenarios" finished-at="2025-03-17T14:22:08 IST" duration-ms="19273" status="PASS">
          <params>
            <param index="0">
              <value>
                <![CDATA["Checking the visibility of a input field"]]>
              </value>
            </param>
            <param index="1">
              <value>
                <![CDATA["Practice Page Automation"]]>
              </value>
            </param>
          </params>
          <reporter-output>
          </reporter-output>
        </test-method> <!-- runScenario -->
        <test-method signature="runScenario(io.cucumber.testng.PickleWrapper,io.cucumber.testng.FeatureWrapper)[pri:0, instance:com.letskodeit.runners.LetskodeitTestNGRunner@71d44a3]" started-at="2025-03-17T14:22:08 IST" name="runScenario" description="Runs Cucumber Scenarios" data-provider="scenarios" finished-at="2025-03-17T14:22:28 IST" duration-ms="19801" status="PASS">
          <params>
            <param index="0">
              <value>
                <![CDATA["Handling JavaScript alerts and confirm dialogs"]]>
              </value>
            </param>
            <param index="1">
              <value>
                <![CDATA["Practice Page Automation"]]>
              </value>
            </param>
          </params>
          <reporter-output>
          </reporter-output>
        </test-method> <!-- runScenario -->
        <test-method signature="runScenario(io.cucumber.testng.PickleWrapper,io.cucumber.testng.FeatureWrapper)[pri:0, instance:com.letskodeit.runners.LetskodeitTestNGRunner@71d44a3]" started-at="2025-03-17T14:22:28 IST" name="runScenario" description="Runs Cucumber Scenarios" data-provider="scenarios" finished-at="2025-03-17T14:22:50 IST" duration-ms="22134" status="PASS">
          <params>
            <param index="0">
              <value>
                <![CDATA["Retrieve and verify table data"]]>
              </value>
            </param>
            <param index="1">
              <value>
                <![CDATA["Practice Page Automation"]]>
              </value>
            </param>
          </params>
          <reporter-output>
          </reporter-output>
        </test-method> <!-- runScenario -->
        <test-method signature="runScenario(io.cucumber.testng.PickleWrapper,io.cucumber.testng.FeatureWrapper)[pri:0, instance:com.letskodeit.runners.LetskodeitTestNGRunner@71d44a3]" started-at="2025-03-17T14:22:50 IST" name="runScenario" description="Runs Cucumber Scenarios" data-provider="scenarios" finished-at="2025-03-17T14:23:09 IST" duration-ms="19029" status="PASS">
          <params>
            <param index="0">
              <value>
                <![CDATA["Interact with elements inside an iFrame"]]>
              </value>
            </param>
            <param index="1">
              <value>
                <![CDATA["Practice Page Automation"]]>
              </value>
            </param>
          </params>
          <reporter-output>
          </reporter-output>
        </test-method> <!-- runScenario -->
        <test-method signature="runScenario(io.cucumber.testng.PickleWrapper,io.cucumber.testng.FeatureWrapper)[pri:0, instance:com.letskodeit.runners.LetskodeitTestNGRunner@71d44a3]" started-at="2025-03-17T14:23:09 IST" name="runScenario" description="Runs Cucumber Scenarios" data-provider="scenarios" finished-at="2025-03-17T14:23:31 IST" duration-ms="22032" status="PASS">
          <params>
            <param index="0">
              <value>
                <![CDATA["Filter courses by category"]]>
              </value>
            </param>
            <param index="1">
              <value>
                <![CDATA["All Courses Page"]]>
              </value>
            </param>
          </params>
          <reporter-output>
          </reporter-output>
        </test-method> <!-- runScenario -->
        <test-method signature="runScenario(io.cucumber.testng.PickleWrapper,io.cucumber.testng.FeatureWrapper)[pri:0, instance:com.letskodeit.runners.LetskodeitTestNGRunner@71d44a3]" started-at="2025-03-17T14:23:31 IST" name="runScenario" description="Runs Cucumber Scenarios" data-provider="scenarios" finished-at="2025-03-17T14:23:51 IST" duration-ms="19965" status="PASS">
          <params>
            <param index="0">
              <value>
                <![CDATA["Filter courses by category"]]>
              </value>
            </param>
            <param index="1">
              <value>
                <![CDATA["All Courses Page"]]>
              </value>
            </param>
          </params>
          <reporter-output>
          </reporter-output>
        </test-method> <!-- runScenario -->
        <test-method signature="runScenario(io.cucumber.testng.PickleWrapper,io.cucumber.testng.FeatureWrapper)[pri:0, instance:com.letskodeit.runners.LetskodeitTestNGRunner@71d44a3]" started-at="2025-03-17T14:23:51 IST" name="runScenario" description="Runs Cucumber Scenarios" data-provider="scenarios" finished-at="2025-03-17T14:24:12 IST" duration-ms="21575" status="PASS">
          <params>
            <param index="0">
              <value>
                <![CDATA["Search for a course and verify results"]]>
              </value>
            </param>
            <param index="1">
              <value>
                <![CDATA["All Courses Page"]]>
              </value>
            </param>
          </params>
          <reporter-output>
          </reporter-output>
        </test-method> <!-- runScenario -->
        <test-method signature="runScenario(io.cucumber.testng.PickleWrapper,io.cucumber.testng.FeatureWrapper)[pri:0, instance:com.letskodeit.runners.LetskodeitTestNGRunner@71d44a3]" started-at="2025-03-17T14:24:12 IST" name="runScenario" description="Runs Cucumber Scenarios" data-provider="scenarios" finished-at="2025-03-17T14:24:42 IST" duration-ms="29747" status="PASS">
          <params>
            <param index="0">
              <value>
                <![CDATA["Add an item to the cart"]]>
              </value>
            </param>
            <param index="1">
              <value>
                <![CDATA["Shopping Cart"]]>
              </value>
            </param>
          </params>
          <reporter-output>
          </reporter-output>
        </test-method> <!-- runScenario -->
        <test-method is-config="true" signature="tearDownClass()[pri:0, instance:com.letskodeit.runners.LetskodeitTestNGRunner@71d44a3]" started-at="2025-03-17T14:24:42 IST" name="tearDownClass" finished-at="2025-03-17T14:24:43 IST" duration-ms="413" status="PASS">
          <reporter-output>
          </reporter-output>
        </test-method> <!-- tearDownClass -->
      </class> <!-- com.letskodeit.runners.LetskodeitTestNGRunner -->
    </test> <!-- Test -->
  </suite> <!-- Suite -->
</testng-results>
