<?xml version="1.0" encoding="UTF-8"?>
<!-- Generated by org.testng.reporters.JUnitReportReporter -->
<testsuite hostname="LAPTOP-Q1G8H1LQ" failures="1" tests="37" name="com.letskodeit.runners.LetskodeitTestNGRunner" time="895.634" errors="0" timestamp="2025-03-17T14:24:43 IST" skipped="0">
  <testcase classname="com.letskodeit.runners.LetskodeitTestNGRunner" name="runScenario" time="24.101"/>
  <system-out/>
  <testcase classname="com.letskodeit.runners.LetskodeitTestNGRunner" name="runScenario" time="21.659"/>
  <system-out/>
  <testcase classname="com.letskodeit.runners.LetskodeitTestNGRunner" name="runScenario" time="18.496"/>
  <system-out/>
  <testcase classname="com.letskodeit.runners.LetskodeitTestNGRunner" name="runScenario" time="20.048"/>
  <system-out/>
  <testcase classname="com.letskodeit.runners.LetskodeitTestNGRunner" name="runScenario" time="20.703"/>
  <system-out/>
  <testcase classname="com.letskodeit.runners.LetskodeitTestNGRunner" name="runScenario" time="20.610"/>
  <system-out/>
  <testcase classname="com.letskodeit.runners.LetskodeitTestNGRunner" name="runScenario" time="40.772">
    <failure message="expected [https://www.letskodeit.com/] but found [https://www.letskodeit.com/register]" type="java.lang.AssertionError">
      <![CDATA[java.lang.AssertionError: expected [https://www.letskodeit.com/] but found [https://www.letskodeit.com/register]
at org.testng.Assert.fail(Assert.java:99)
at org.testng.Assert.failNotEquals(Assert.java:1037)
at org.testng.Assert.assertEqualsImpl(Assert.java:140)
at org.testng.Assert.assertEquals(Assert.java:122)
at org.testng.Assert.assertEquals(Assert.java:629)
at org.testng.Assert.assertEquals(Assert.java:639)
at com.letskodeit.stepDefinitions.RegisterStepDefinitions.the_message_should_be_displayed_on_registration(RegisterStepDefinitions.java:88)
at ✽.the message "Registration successful" should be displayed on registration(file:///C:/wipro%20testing%20assignments/letskodeit_UI_Automation_Capstone_Project/src/test/resources/features/01Register.feature:10)
]]>
    </failure>
  </testcase> <!-- runScenario -->
  <system-out/>
  <testcase classname="com.letskodeit.runners.LetskodeitTestNGRunner" name="runScenario" time="19.661"/>
  <system-out/>
  <testcase classname="com.letskodeit.runners.LetskodeitTestNGRunner" name="runScenario" time="18.426"/>
  <system-out/>
  <testcase classname="com.letskodeit.runners.LetskodeitTestNGRunner" name="runScenario" time="19.150"/>
  <system-out/>
  <testcase classname="com.letskodeit.runners.LetskodeitTestNGRunner" name="runScenario" time="26.259"/>
  <system-out/>
  <testcase classname="com.letskodeit.runners.LetskodeitTestNGRunner" name="runScenario" time="19.273"/>
  <system-out/>
  <testcase classname="com.letskodeit.runners.LetskodeitTestNGRunner" name="runScenario" time="22.134"/>
  <system-out/>
  <testcase classname="com.letskodeit.runners.LetskodeitTestNGRunner" name="runScenario" time="21.525"/>
  <system-out/>
  <testcase classname="com.letskodeit.runners.LetskodeitTestNGRunner" name="runScenario" time="17.622"/>
  <system-out/>
  <testcase classname="com.letskodeit.runners.LetskodeitTestNGRunner" name="runScenario" time="42.955"/>
  <system-out/>
  <testcase classname="com.letskodeit.runners.LetskodeitTestNGRunner" name="runScenario" time="20.008"/>
  <system-out/>
  <testcase classname="com.letskodeit.runners.LetskodeitTestNGRunner" name="runScenario" time="29.747"/>
  <system-out/>
  <testcase classname="com.letskodeit.runners.LetskodeitTestNGRunner" name="runScenario" time="12.347"/>
  <system-out/>
  <testcase classname="com.letskodeit.runners.LetskodeitTestNGRunner" name="runScenario" time="23.133"/>
  <system-out/>
  <testcase classname="com.letskodeit.runners.LetskodeitTestNGRunner" name="runScenario" time="44.733"/>
  <system-out/>
  <testcase classname="com.letskodeit.runners.LetskodeitTestNGRunner" name="runScenario" time="48.156"/>
  <system-out/>
  <testcase classname="com.letskodeit.runners.LetskodeitTestNGRunner" name="runScenario" time="19.029"/>
  <system-out/>
  <testcase classname="com.letskodeit.runners.LetskodeitTestNGRunner" name="runScenario" time="51.298"/>
  <system-out/>
  <testcase classname="com.letskodeit.runners.LetskodeitTestNGRunner" name="runScenario" time="18.536"/>
  <system-out/>
  <testcase classname="com.letskodeit.runners.LetskodeitTestNGRunner" name="runScenario" time="20.573"/>
  <system-out/>
  <testcase classname="com.letskodeit.runners.LetskodeitTestNGRunner" name="runScenario" time="21.575"/>
  <system-out/>
  <testcase classname="com.letskodeit.runners.LetskodeitTestNGRunner" name="runScenario" time="18.258"/>
  <system-out/>
  <testcase classname="com.letskodeit.runners.LetskodeitTestNGRunner" name="runScenario" time="19.650"/>
  <system-out/>
  <testcase classname="com.letskodeit.runners.LetskodeitTestNGRunner" name="runScenario" time="20.171"/>
  <system-out/>
  <testcase classname="com.letskodeit.runners.LetskodeitTestNGRunner" name="runScenario" time="19.801"/>
  <system-out/>
  <testcase classname="com.letskodeit.runners.LetskodeitTestNGRunner" name="runScenario" time="19.783"/>
  <system-out/>
  <testcase classname="com.letskodeit.runners.LetskodeitTestNGRunner" name="runScenario" time="20.123"/>
  <system-out/>
  <testcase classname="com.letskodeit.runners.LetskodeitTestNGRunner" name="runScenario" time="33.633"/>
  <system-out/>
  <testcase classname="com.letskodeit.runners.LetskodeitTestNGRunner" name="runScenario" time="19.965"/>
  <system-out/>
  <testcase classname="com.letskodeit.runners.LetskodeitTestNGRunner" name="runScenario" time="22.032"/>
  <system-out/>
  <testcase classname="com.letskodeit.runners.LetskodeitTestNGRunner" name="runScenario" time="19.689"/>
  <system-out/>
</testsuite> <!-- com.letskodeit.runners.LetskodeitTestNGRunner -->
